<?xml version="1.0" encoding="UTF-8"?>
<!-- Generated by org.testng.reporters.JUnitXMLReporter -->
<testsuite hostname="DEDDFK5H2" ignored="0" name="Default test" tests="8" failures="0" timestamp="12 Dec 2020 06:34:48 GMT" time="120.55" errors="0">
  <testcase name="TestLogin" time="5.064" classname="Tests.Login.Test_LoginInvalid_UserorPasswordIncorrect"/>
  <testcase name="Test_ApproveLeave" time="10.072" classname="Tests.Tests.Dashboard.Test_ApproveLeave"/>
  <testcase name="TestLogin" time="4.728" classname="Tests.Login.Test_Login_ForgotPassword_Cancel"/>
  <testcase name="TestLogin" time="6.432" classname="Tests.Login.Test_LoginInvalid_NoPassword"/>
  <testcase name="TestLogin" time="3.52" classname="Tests.Login.Test_LoginInvalid_NoUser"/>
  <testcase name="TestLogin" time="6.735" classname="Tests.Login.Test_Login_ForgotPassword_Reset"/>
  <testcase name="TestLogin" time="6.193" classname="Tests.Login.Test_LoginValid"/>
  <testcase name="Test_AssignLeave" time="9.717" classname="Tests.Tests.Dashboard.Test_AssignLeave"/>
</testsuite> <!-- Default test -->
