<?xml version="1.0" encoding="UTF-8"?>
<!-- Generated by org.testng.reporters.JUnitXMLReporter -->
<testsuite hostname="DEDDFK5H2" ignored="0" name="Test1" tests="1" failures="1" timestamp="25 Aug 2020 23:13:34 GMT" time="21.873" errors="0">
  <testcase name="TestLogin" time="1.66" classname="Tests.Login.Test_LoginValid">
    <failure type="java.lang.NullPointerException">
      <![CDATA[java.lang.NullPointerException
at java.util.Objects.requireNonNull(Unknown Source)
at org.openqa.selenium.support.ui.FluentWait.<init>(FluentWait.java:106)
at org.openqa.selenium.support.ui.WebDriverWait.<init>(WebDriverWait.java:85)
at org.openqa.selenium.support.ui.WebDriverWait.<init>(WebDriverWait.java:45)
at Pages.Login.PageFactory.setUserName(PageFactory.java:47)
at Tests.Login.Test_LoginValid.doAValidLogin(Test_LoginValid.java:43)
at Tests.Login.Test_LoginValid.TestLogin(Test_LoginValid.java:31)
... Removed 25 stack frames]]>
    </failure>
  </testcase> <!-- TestLogin -->
</testsuite> <!-- Test1 -->
