<?xml version="1.0" encoding="UTF-8"?>
<!-- Generated by org.testng.reporters.JUnitXMLReporter -->
<testsuite hostname="DEDDFK5H2" ignored="0" name="Test" tests="6" failures="0" timestamp="23 Apr 2020 22:06:08 GMT" time="91.31" errors="0">
  <testcase name="TestLogin" time="5.34" classname="Tests.Test_LoginValid"/>
  <testcase name="TestLogin" time="2.061" classname="Tests.Test_LoginInvalid_NoUser"/>
  <testcase name="TestLogin" time="2.256" classname="Tests.Test_LoginInvalid_NoPassword"/>
  <testcase name="TestLogin" time="3.053" classname="Tests.Test_LoginInvalid_UserorPasswordIncorrect"/>
  <testcase name="TestLogin" time="2.973" classname="Tests.Test_Login_ForgotPassword_Cancel"/>
  <testcase name="TestLogin" time="3.568" classname="Tests.Test_Login_ForgotPassword_Reset"/>
</testsuite> <!-- Test -->
