<?xml version="1.0" encoding="UTF-8"?>
<testng-results skipped="0" failed="0" ignored="0" total="1" passed="1">
  <reporter-output>
  </reporter-output>
  <suite name="Default suite" duration-ms="22129" started-at="2020-10-07T20:15:08Z" finished-at="2020-10-07T20:15:30Z">
    <groups>
    </groups>
    <test name="Default test" duration-ms="22129" started-at="2020-10-07T20:15:08Z" finished-at="2020-10-07T20:15:30Z">
      <class name="Tests.Tests.Dashboard.Test_AssignLeave">
        <test-method status="PASS" signature="TestSetUp()[pri:0, instance:Tests.Tests.Dashboard.Test_AssignLeave@5e3a8624]" name="TestSetUp" is-config="true" duration-ms="8552" started-at="2020-10-07T20:15:08Z" finished-at="2020-10-07T20:15:16Z">
          <reporter-output>
          </reporter-output>
        </test-method> <!-- TestSetUp -->
        <test-method status="PASS" signature="Test_AssignLeave()[pri:0, instance:Tests.Tests.Dashboard.Test_AssignLeave@5e3a8624]" name="Test_AssignLeave" duration-ms="7688" started-at="2020-10-07T20:15:16Z" finished-at="2020-10-07T20:15:24Z">
          <reporter-output>
          </reporter-output>
        </test-method> <!-- Test_AssignLeave -->
        <test-method status="PASS" signature="afterTest()[pri:0, instance:Tests.Tests.Dashboard.Test_AssignLeave@5e3a8624]" name="afterTest" is-config="true" duration-ms="5840" started-at="2020-10-07T20:15:24Z" finished-at="2020-10-07T20:15:30Z">
          <reporter-output>
          </reporter-output>
        </test-method> <!-- afterTest -->
      </class> <!-- Tests.Tests.Dashboard.Test_AssignLeave -->
    </test> <!-- Default test -->
  </suite> <!-- Default suite -->
</testng-results>
